c:\users\u5758358\source\repos\game assignment rework\game assignment rework\x64\debug\vc143.pdb
c:\users\u5758358\source\repos\game assignment rework\game assignment rework\x64\debug\vc143.idb
c:\users\u5758358\source\repos\game assignment rework\game assignment rework\x64\debug\tiles.obj
c:\users\u5758358\source\repos\game assignment rework\game assignment rework\x64\debug\projectile.obj
c:\users\u5758358\source\repos\game assignment rework\game assignment rework\x64\debug\player.obj
c:\users\u5758358\source\repos\game assignment rework\game assignment rework\x64\debug\manager.obj
c:\users\u5758358\source\repos\game assignment rework\game assignment rework\x64\debug\game assignment rework.obj
c:\users\u5758358\source\repos\game assignment rework\game assignment rework\x64\debug\enemyprojectile.obj
c:\users\u5758358\source\repos\game assignment rework\game assignment rework\x64\debug\enemy.obj
c:\users\u5758358\source\repos\game assignment rework\game assignment rework\x64\debug\camera.obj
c:\users\u5758358\source\repos\game assignment rework\game assignment rework\x64\debug\game assignment rework.ilk
c:\users\u5758358\source\repos\game assignment rework\x64\debug\game assignment rework.pdb
c:\users\u5758358\source\repos\game assignment rework\x64\debug\game assignment rework.exe
c:\users\u5758358\source\repos\game assignment rework\game assignment rework\x64\debug\game ass.7ffc6c47.tlog\cl.command.1.tlog
c:\users\u5758358\source\repos\game assignment rework\game assignment rework\x64\debug\game ass.7ffc6c47.tlog\cl.items.tlog
c:\users\u5758358\source\repos\game assignment rework\game assignment rework\x64\debug\game ass.7ffc6c47.tlog\cl.read.1.tlog
c:\users\u5758358\source\repos\game assignment rework\game assignment rework\x64\debug\game ass.7ffc6c47.tlog\cl.write.1.tlog
c:\users\u5758358\source\repos\game assignment rework\game assignment rework\x64\debug\game ass.7ffc6c47.tlog\link.command.1.tlog
c:\users\u5758358\source\repos\game assignment rework\game assignment rework\x64\debug\game ass.7ffc6c47.tlog\link.read.1.tlog
c:\users\u5758358\source\repos\game assignment rework\game assignment rework\x64\debug\game ass.7ffc6c47.tlog\link.secondary.1.tlog
c:\users\u5758358\source\repos\game assignment rework\game assignment rework\x64\debug\game ass.7ffc6c47.tlog\link.write.1.tlog
